<?xml version="1.0" encoding="UTF-8"?>
<!-- Generated by org.testng.reporters.JUnitReportReporter -->
<testsuite hostname="Bhaskar" failures="0" tests="1" name="Tests.LoginTest" time="2.991" errors="0" timestamp="2025-04-06T12:54:59 IST" skipped="0">
  <testcase classname="Tests.LoginTest" name="validateLogin" time="2.991"/>
</testsuite> <!-- Tests.LoginTest -->
