<?xml version="1.0" encoding="UTF-8"?>
<!-- Generated by org.testng.reporters.JUnitReportReporter -->
<testsuite hostname="Bhaskar" failures="0" tests="1" name="Tests.LoginTest" time="3.100" errors="0" timestamp="2025-04-06T18:36:03 IST" skipped="0">
  <testcase classname="Tests.LoginTest" name="validateInvalidLogin" time="3.100"/>
</testsuite> <!-- Tests.LoginTest -->
