<?xml version="1.0" encoding="UTF-8"?>
<!-- Generated by org.testng.reporters.JUnitReportReporter -->
<testsuite hostname="Bhaskar" failures="0" tests="1" name="Tests.HomePageTest" time="7.911" errors="0" timestamp="2025-04-06T17:33:23 IST" skipped="0">
  <testcase classname="Tests.HomePageTest" name="validateHomePageElements" time="7.911"/>
</testsuite> <!-- Tests.HomePageTest -->
