<?xml version="1.0" encoding="UTF-8"?>
<!-- Generated by org.testng.reporters.JUnitReportReporter -->
<testsuite hostname="Bhaskar" failures="0" tests="1" name="Tests.HomePageTest" time="6.951" errors="0" timestamp="2025-04-06T18:13:17 IST" skipped="0">
  <testcase classname="Tests.HomePageTest" name="validateSortContainer" time="6.951"/>
</testsuite> <!-- Tests.HomePageTest -->
